[23:11:27] [main/INFO]: Loading Minecraft 1.20.1 with Fabric Loader 0.14.22
[23:11:27] [main/WARN]: Warnings were found!
 - Mod 'Debugify' (debugify) 1.20.1+2.0 recommends any 3.x version of yet-another-config-lib, which is missing!
	 - You should install any 3.x version of yet-another-config-lib for the optimal experience.
 - Mod 'LambDynamicLights' (lambdynlights) 2.3.1+1.20.1 recommends version 0.19.1 or later of quilt_loader, which is missing!
	 - You should install version 0.19.1 or later of quilt_loader for the optimal experience.
[23:11:27] [main/INFO]: Loading 191 mods:
	- ambientsounds 5.2.22
	- appleskin 2.5.0+mc1.20
	- betterdeserttemples 1.20-Fabric-3.0.1
	   \-- org_reflections_reflections 0.10.2
	- betterdungeons 1.20-Fabric-4.0.1
	- betterfortresses 1.20-Fabric-2.0.2
	- bettermineshafts 1.20-Fabric-4.0.1
	- betteroceanmonuments 1.20-Fabric-3.0.1
	- betterstats 2.10.3+1.20.1
	   |-- architectury 9.0.8
	   \-- tcdcommons 2.10.2+1.20.1
	- betterstrongholds 1.20-Fabric-4.0.1
	- betterwitchhuts 1.20-Fabric-3.0.1
	- bookshelf 20.0.3
	- cardinal-components 5.2.2
	   |-- cardinal-components-base 5.2.2
	   |-- cardinal-components-block 5.2.2
	   |-- cardinal-components-chunk 5.2.2
	   |-- cardinal-components-entity 5.2.2
	   |-- cardinal-components-item 5.2.2
	   |-- cardinal-components-level 5.2.2
	   |-- cardinal-components-scoreboard 5.2.2
	   \-- cardinal-components-world 5.2.2
	- carpet 1.4.112+v230608
	- carpet-extra 1.4.115
	- carpetskyadditions 1.20.1-4.4.1
	- cherishedworlds 6.1.1+1.20.1
	- cloth-config 11.1.106
	   \-- cloth-basic-math 0.6.1
	- clumps 12.0.0.3
	- collective 6.65
	- controlify 1.7.0-beta.1+1.20
	   |-- com_github_llamalad7_mixinextras 0.2.0-beta.9
	   |-- dev_isxander_libsdl4j 2.28.2-11
	   |-- org_hid4java_hid4java 0.7.0
	   \-- org_quiltmc_quilt-json5 1.0.3
	- crawl 0.12.0
	   \-- mm 2.3
	- creativecore 2.10.28
	   \-- net_minecraftforge_eventbus 6.0.3
	- ctov 3.3.4
	- darkpaintings 17.0.2
	- debugify 1.20.1+2.0
	- disable_custom_worlds_advice 4.1
	- dungeon_difficulty 2.0.5+1.20.1
	   \-- com_github_zsoltmolnarrr_tinyconfig 2.3.2
	- dynamic_fps 3.0.1
	- fabric-api 0.88.1+1.20.1
	   |-- fabric-api-base 0.4.30+7abfd51577
	   |-- fabric-api-lookup-api-v1 1.6.35+4d8536c977
	   |-- fabric-biome-api-v1 13.0.10+b3afc78b77
	   |-- fabric-block-api-v1 1.0.10+92a0d36777
	   |-- fabric-block-view-api-v2 1.0.0+92a0d36777
	   |-- fabric-blockrenderlayer-v1 1.1.40+b3afc78b77
	   |-- fabric-client-tags-api-v1 1.1.1+97bb207577
	   |-- fabric-command-api-v1 1.2.33+f71b366f77
	   |-- fabric-command-api-v2 2.2.12+b3afc78b77
	   |-- fabric-commands-v0 0.2.50+df3654b377
	   |-- fabric-containers-v0 0.1.63+df3654b377
	   |-- fabric-content-registries-v0 4.0.9+b3afc78b77
	   |-- fabric-convention-tags-v1 1.5.4+a1a980da77
	   |-- fabric-crash-report-info-v1 0.2.18+aeb40ebe77
	   |-- fabric-data-generation-api-v1 12.2.2+1e61dba177
	   |-- fabric-dimensions-v1 2.1.53+8536527b77
	   |-- fabric-entity-events-v1 1.5.22+b3afc78b77
	   |-- fabric-events-interaction-v0 0.6.1+e91849a877
	   |-- fabric-events-lifecycle-v0 0.2.62+df3654b377
	   |-- fabric-game-rule-api-v1 1.0.38+b04edc7a77
	   |-- fabric-item-api-v1 2.1.27+b3afc78b77
	   |-- fabric-item-group-api-v1 4.0.10+23d9108177
	   |-- fabric-key-binding-api-v1 1.0.36+fb8d95da77
	   |-- fabric-keybindings-v0 0.2.34+df3654b377
	   |-- fabric-lifecycle-events-v1 2.2.21+b3afc78b77
	   |-- fabric-loot-api-v2 1.1.39+b3afc78b77
	   |-- fabric-loot-tables-v1 1.1.43+9e7660c677
	   |-- fabric-message-api-v1 5.1.7+3265161977
	   |-- fabric-mining-level-api-v1 2.1.49+b3afc78b77
	   |-- fabric-model-loading-api-v1 1.0.2+709a987177
	   |-- fabric-models-v0 0.4.1+9386d8a777
	   |-- fabric-networking-api-v1 1.3.10+eeb8eb3677
	   |-- fabric-networking-v0 0.3.50+df3654b377
	   |-- fabric-object-builder-api-v1 11.1.1+6beca84877
	   |-- fabric-particles-v1 1.1.1+201a23a077
	   |-- fabric-recipe-api-v1 1.0.20+b3afc78b77
	   |-- fabric-registry-sync-v0 2.3.2+4df89eb277
	   |-- fabric-renderer-api-v1 3.1.3+92a0d36777
	   |-- fabric-renderer-indigo 1.4.3+6bdb2ed077
	   |-- fabric-renderer-registries-v1 3.2.45+df3654b377
	   |-- fabric-rendering-data-attachment-v1 0.3.36+92a0d36777
	   |-- fabric-rendering-fluids-v1 3.0.27+b3afc78b77
	   |-- fabric-rendering-v0 1.1.48+df3654b377
	   |-- fabric-rendering-v1 3.0.7+b3afc78b77
	   |-- fabric-resource-conditions-api-v1 2.3.5+ea08f9d877
	   |-- fabric-resource-loader-v0 0.11.9+132c48c177
	   |-- fabric-screen-api-v1 2.0.7+b3afc78b77
	   |-- fabric-screen-handler-api-v1 1.3.29+b3afc78b77
	   |-- fabric-sound-api-v1 1.0.12+b3afc78b77
	   |-- fabric-transfer-api-v1 3.3.1+195226a777
	   \-- fabric-transitive-access-wideners-v1 4.3.0+6c31357e77
	- fabric-language-kotlin 1.10.10+kotlin.1.9.10
	   |-- org_jetbrains_kotlin_kotlin-reflect 1.9.10
	   |-- org_jetbrains_kotlin_kotlin-stdlib 1.9.10
	   |-- org_jetbrains_kotlin_kotlin-stdlib-jdk7 1.9.10
	   |-- org_jetbrains_kotlin_kotlin-stdlib-jdk8 1.9.10
	   |-- org_jetbrains_kotlinx_atomicfu-jvm 0.22.0
	   |-- org_jetbrains_kotlinx_kotlinx-coroutines-core-jvm 1.7.3
	   |-- org_jetbrains_kotlinx_kotlinx-coroutines-jdk8 1.7.3
	   |-- org_jetbrains_kotlinx_kotlinx-datetime-jvm 0.4.0
	   |-- org_jetbrains_kotlinx_kotlinx-serialization-cbor-jvm 1.6.0
	   |-- org_jetbrains_kotlinx_kotlinx-serialization-core-jvm 1.6.0
	   \-- org_jetbrains_kotlinx_kotlinx-serialization-json-jvm 1.6.0
	- fabricloader 0.14.22
	- fallingtree 4.3.0
	- fastload 3.4.0
	   |-- conditional-mixin 0.3.2
	   |-- fastload-119-0-1-2-compat 3.4.0
	   |-- fastload-1193-compat 3.4.0
	   |-- fastload-1194-compat 3.4.0
	   \-- fastload_fapi_forward 1.0.2
	- framework 0.6.7
	   |-- com_electronwill_night-config_core 3.6.6
	   |-- com_electronwill_night-config_toml 3.6.6
	   \-- org_javassist_javassist 3.29.2-GA
	- friendsandfoes 1.9.4
	- guardvillagers 2.0.7-1.20.1
	   |-- porting_lib_base 2.1.1070+1.20
	   |    |-- mm_shedaniel 2.4.1
	   |    |-- porting_lib_accessors 2.1.1070+1.20
	   |    |-- porting_lib_attributes 2.1.1070+1.20
	   |    |-- porting_lib_core 2.1.1070+1.20
	   |    |-- porting_lib_fake_players 2.1.1070+1.20
	   |    |-- porting_lib_gametest 2.1.1070+1.20
	   |    |-- porting_lib_lazy_registration 2.1.1070+1.20
	   |    |-- porting_lib_tags 3.0
	   |    |-- porting_lib_transfer 2.1.1070+1.20
	   |    \-- porting_lib_utility 2.1.1070+1.20
	   |-- porting_lib_common 2.1.1070+1.20
	   |    |-- porting_lib_core 2.1.1070+1.20
	   |    \-- porting_lib_gametest 2.1.1070+1.20
	   |-- porting_lib_entity 2.1.1070+1.20
	   |    |-- porting_lib_core 2.1.1070+1.20
	   |    \-- porting_lib_gametest 2.1.1070+1.20
	   |-- porting_lib_extensions 2.1.1070+1.20
	   |    |-- porting_lib_accessors 2.1.1070+1.20
	   |    |-- porting_lib_attributes 2.1.1070+1.20
	   |    |-- porting_lib_core 2.1.1070+1.20
	   |    \-- porting_lib_gametest 2.1.1070+1.20
	   \-- porting_lib_tool_actions 2.1.1070+1.20
	        |-- porting_lib_core 2.1.1070+1.20
	        \-- porting_lib_gametest 2.1.1070+1.20
	- guiclock 4.2
	- guicompass 4.2
	- incendium 5.3.1
	- iris 1.6.8
	   |-- io_github_douira_glsl-transformer 2.0.0-pre13
	   |-- org_anarres_jcpp 1.4.14
	   \-- org_antlr_antlr4-runtime 4.11.1
	- jade 11.6.0
	- java 17
	- jei 15.2.0.23
	- journeymap 5.9.12
	   \-- journeymap-api-fabric 1.20-1.9-fabric-SNAPSHOT
	- konkrete 1.6.1
	- lambdynlights 2.3.1+1.20.1
	   |-- pride 1.2.0+1.19.4
	   \-- spruceui 5.0.0+1.20
	- lithium 0.11.2
	- memoryleakfix 1.1.2
	- midnightlib 1.4.1
	- minecraft 1.20.1
	- modmenu 7.2.1
	- mousetweaks 2.25
	- panorama 1.3.0
	- paxi 1.19.2-Fabric-3.0.1
	- projectile_damage 3.2.2+1.20.1
	- reeses-sodium-options 1.6.5+mc1.20.1-build.95
	- skinlayers 1.5.4-mc1.20.1
	- sodium 0.5.2
	- sodium-extra 0.5.1+mc1.20.1-build.112
	   |-- caffeineconfig 1.3.0+1.17
	   \-- crowdin-translate 1.4+1.19.3
	- sound_physics_remastered 1.20.1-1.2.1
	- terralith 2.4.5
	- tipsmod 12.0.2
	- travelersbackpack 1.20.1-9.1.3
	- voicechat 1.20.1-2.4.24
	- world-gen 1.0.3
	- yet_another_config_lib_v3 3.1.1+1.20
	   |-- com_twelvemonkeys_common_common-image 3.10.0-SNAPSHOT
	   |-- com_twelvemonkeys_common_common-io 3.10.0-SNAPSHOT
	   |-- com_twelvemonkeys_common_common-lang 3.10.0-SNAPSHOT
	   |-- com_twelvemonkeys_imageio_imageio-core 3.10.0-SNAPSHOT
	   |-- com_twelvemonkeys_imageio_imageio-metadata 3.10.0-SNAPSHOT
	   \-- com_twelvemonkeys_imageio_imageio-webp 3.10.0-SNAPSHOT
	- yungsapi 1.20-Fabric-4.0.1
	- yungsbridges 1.20-Fabric-4.0.1
	- yungsextras 1.20-Fabric-4.0.1
	- zoomify 2.11.2
	   |-- com_akuleshov7_ktoml-core-jvm 0.4.1
	   |-- dev_isxander_settxi_settxi-core 2.10.6
	   \-- dev_isxander_settxi_settxi-kotlinx-serialization 2.10.6
[23:11:28] [main/INFO]: SpongePowered MIXIN Subsystem Version=0.8.5 Source=file:/C:/Users/Lorenzo%20Giannini/AppData/Roaming/com.modrinth.theseus/meta/libraries/net/fabricmc/sponge-mixin/0.12.5+mixin.0.8.5/sponge-mixin-0.12.5+mixin.0.8.5.jar Service=Knot/Fabric Env=CLIENT
[23:11:28] [main/INFO]: Compatibility level set to JAVA_17
[23:11:29] [main/INFO]: Preloading Debugify
[23:11:29] [main/WARN]: Reference map 'Fastload-1.19.4-Extension-refmap.json' for fastload-1194-compat.mixins.json could not be read. If this is a development environment you can ignore this message
[23:11:29] [main/INFO]: Loaded configuration file for Lithium: 115 options available, 0 override(s) found
[23:11:29] [main/INFO]: Started MM (shedaniel's fork) at me/shedaniel/gen/mixin/
[23:11:29] [main/WARN]: Reference map 'Manningham Mills-refmap.json' for mixins.mm_shedaniel.json could not be read. If this is a development environment you can ignore this message
[23:11:30] [main/INFO]: Loaded configuration file for Sodium: 41 options available, 3 override(s) found
[23:11:30] [main/INFO]: Loaded configuration file for Sodium Extra: 32 options available, 0 override(s) found
[23:11:30] [main/WARN]: Reference map 'yungsextras.refmap.json' for yungsextras.mixins.json could not be read. If this is a development environment you can ignore this message
[23:11:30] [main/WARN]: Reference map 'yungsextras.refmap.json' for yungsextras_fabric.mixins.json could not be read. If this is a development environment you can ignore this message
[23:11:30] [main/WARN]: Error loading class: io/vram/frex/base/renderer/context/render/EntityBlockRenderContext (java.lang.ClassNotFoundException: io/vram/frex/base/renderer/context/render/EntityBlockRenderContext)
[23:11:30] [main/WARN]: @Mixin target io.vram.frex.base.renderer.context.render.EntityBlockRenderContext was not found porting_lib_base.mixins.json:client.frex.EntityBlockRenderContextMixin from mod porting_lib_base
[23:11:31] [main/WARN]: Force disabled MC-135971 because it's conflicting with: carpet
[23:11:31] [main/WARN]: Force disabled MC-121772 because it only applies to OS: MAC
[23:11:31] [main/WARN]: Force disabled MC-122477 because it only applies to OS: LINUX
[23:11:31] [main/WARN]: Force disabled MC-176559 because it's conflicting with: fabric-api
[23:11:31] [main/WARN]: Force disabled MC-22882 because it only applies to OS: MAC
[23:11:31] [main/WARN]: Force-disabling mixin 'features.render.entity.CuboidMixin' as rule 'mixin.features.render.entity' (added by mods [iris]) disables it and children
[23:11:31] [main/WARN]: Force-disabling mixin 'features.render.entity.ModelPartMixin' as rule 'mixin.features.render.entity' (added by mods [iris]) disables it and children
[23:11:31] [main/WARN]: Force-disabling mixin 'features.render.entity.cull.EntityRendererMixin' as rule 'mixin.features.render.entity' (added by mods [iris]) disables it and children
[23:11:31] [main/WARN]: Force-disabling mixin 'features.render.entity.shadows.EntityRenderDispatcherMixin' as rule 'mixin.features.render.entity' (added by mods [iris]) disables it and children
[23:11:31] [main/WARN]: Force-disabling mixin 'features.render.gui.font.GlyphRendererMixin' as rule 'mixin.features.render.gui.font' (added by mods [iris]) disables it and children
[23:11:31] [main/WARN]: Force-disabling mixin 'features.render.world.sky.BackgroundRendererMixin' as rule 'mixin.features.render.world.sky' (added by mods [iris]) disables it and children
[23:11:31] [main/WARN]: Force-disabling mixin 'features.render.world.sky.ClientWorldMixin' as rule 'mixin.features.render.world.sky' (added by mods [iris]) disables it and children
[23:11:31] [main/WARN]: Force-disabling mixin 'features.render.world.sky.WorldRendererMixin' as rule 'mixin.features.render.world.sky' (added by mods [iris]) disables it and children
[23:11:31] [main/INFO]: [MemoryLeakFix] Will be applying 3 memory leak fixes!
[23:11:31] [main/INFO]: [MemoryLeakFix] Currently enabled memory leak fixes: [targetEntityLeak, biomeTemperatureLeak, hugeScreenshotLeak]
[23:11:32] [main/WARN]: Error loading class: net/minecraft/class_3288$class_5351 (java.lang.ClassNotFoundException: net/minecraft/class_3288$class_5351)
[23:11:32] [main/WARN]: Error loading class: net/minecraft/class_3288$class_5351 (java.lang.ClassNotFoundException: net/minecraft/class_3288$class_5351)
[23:11:32] [main/WARN]: Error loading class: org/jetbrains/annotations/ApiStatus$Internal (java.lang.ClassNotFoundException: org/jetbrains/annotations/ApiStatus$Internal)
[23:11:32] [main/INFO]: Searching for graphics cards...
[23:11:33] [main/INFO]: Found graphics card: GraphicsAdapterInfo[vendor=NVIDIA, name=NVIDIA GeForce RTX 2060, version=DriverVersion=31.0.15.3713]
[23:11:33] [main/INFO]: Found graphics card: GraphicsAdapterInfo[vendor=INTEL, name=Intel(R) UHD Graphics 630, version=DriverVersion=26.20.100.7584]
[23:11:33] [main/WARN]: Sodium has applied one or more workarounds to prevent crashes or other issues on your system: [NVIDIA_THREADED_OPTIMIZATIONS]
[23:11:33] [main/WARN]: This is not necessarily an issue, but it may result in certain features or optimizations being disabled. You can sometimes fix these issues by upgrading your graphics driver.
[23:11:43] [Datafixer Bootstrap/INFO]: 190 Datafixer optimizations took 313 milliseconds
[23:11:44] [main/WARN]: Method overwrite conflict for getConnection in fabric-networking-api-v1.mixins.json:accessor.ServerPlayNetworkHandlerAccessor from mod fabric-networking-api-v1, previously written by carpet.mixins.ServerGamePacketListenerImpl_coreMixin. Skipping method.
[23:11:46] [main/WARN]: Method overwrite conflict for getClimateSettings in architectury.mixins.json:BiomeAccessor from mod architectury, previously written by carpet.mixins.Biome_scarpetMixin. Skipping method.
[23:11:47] [Render thread/INFO]: [STDERR]: Version: 3.3.1 SNAPSHOT
[23:11:47] [Render thread/INFO]: [STDERR]: 	 OS: Windows 11 v10.0
[23:11:47] [Render thread/INFO]: [STDERR]: 	JRE: Windows amd64 17.0.8
[23:11:47] [Render thread/INFO]: [STDERR]: 	JVM: Java HotSpot(TM) 64-Bit Server VM v17.0.8+9-LTS-211 by Oracle Corporation
[23:11:47] [Render thread/INFO]: [STDERR]: Loading JNI library: lwjgl
[23:11:47] [Render thread/INFO]: [STDERR]: 	Module: org.lwjgl
[23:11:47] [Render thread/INFO]: [STDERR]: 	Loaded from org.lwjgl.librarypath: C:\Users\{COMPUTER_USERNAME}\AppData\Roaming\com.modrinth.theseus\meta\natives\1.20.1-0.14.22\lwjgl.dll
[23:11:47] [Render thread/INFO]: [STDERR]: Loading library: jemalloc
[23:11:47] [Render thread/INFO]: [STDERR]: 	Module: org.lwjgl.jemalloc
[23:11:47] [Render thread/INFO]: [STDERR]: 	Loaded from org.lwjgl.librarypath: C:\Users\{COMPUTER_USERNAME}\AppData\Roaming\com.modrinth.theseus\meta\natives\1.20.1-0.14.22\jemalloc.dll
[23:11:47] [Render thread/INFO]: [STDERR]: MemoryUtil allocator: JEmallocAllocator
[23:11:47] [Render thread/WARN]: @Final field field_2585:Lnet/minecraft/class_766; in panorama.mixins.json:TitleScreenMixin from mod panorama should be final
[23:11:47] [Render thread/WARN]: @Final field field_17774:Lnet/minecraft/class_751; in panorama.mixins.json:TitleScreenMixin from mod panorama should be final
[23:11:48] [Render thread/WARN]: Error loading class: net/minecraft/class_3288$class_5351 (java.lang.ClassNotFoundException: net/minecraft/class_3288$class_5351)
[23:11:48] [Render thread/INFO]: Instancing error handler class dev.isxander.debugify.mixinplugin.DebugifyErrorHandler
[23:11:48] [Render thread/ERROR]: Mixin apply for mod paxi failed paxi_fabric.mixins.json:client.MixinClientPackSourceFabric from mod paxi -> net.minecraft.class_1066: org.spongepowered.asm.mixin.transformer.throwables.InvalidMixinException Unexpecteded ClassMetadataNotFoundException whilst transforming the mixin class: [MAIN Applicator Phase -> paxi_fabric.mixins.json:client.MixinClientPackSourceFabric from mod paxi -> Apply Methods -> (Ljava/util/function/Consumer;Lnet/minecraft/class_3288$class_5351;Lorg/spongepowered/asm/mixin/injection/callback/CallbackInfo;)V:handler$eie000$paxi$loadPaxiPabcksClientFabric -> Transform LVT -> var=factory -> desc=Lnet/minecraft/class_3288$class_5351;]
org.spongepowered.asm.mixin.transformer.throwables.InvalidMixinException: Unexpecteded ClassMetadataNotFoundException whilst transforming the mixin class: [MAIN Applicator Phase -> paxi_fabric.mixins.json:client.MixinClientPackSourceFabric from mod paxi -> Apply Methods -> (Ljava/util/function/Consumer;Lnet/minecraft/class_3288$class_5351;Lorg/spongepowered/asm/mixin/injection/callback/CallbackInfo;)V:handler$eie000$paxi$loadPaxiPabcksClientFabric -> Transform LVT -> var=factory -> desc=Lnet/minecraft/class_3288$class_5351;]
	at org.spongepowered.asm.mixin.transformer.MixinTargetContext.transformMethod(MixinTargetContext.java:510) ~[sponge-mixin-0.12.5+mixin.0.8.5.jar:0.12.5+mixin.0.8.5]
	at org.spongepowered.asm.mixin.transformer.MixinApplicatorStandard.applyNormalMethod(MixinApplicatorStandard.java:535) ~[sponge-mixin-0.12.5+mixin.0.8.5.jar:0.12.5+mixin.0.8.5]
	at org.spongepowered.asm.mixin.transformer.MixinApplicatorStandard.applyMethods(MixinApplicatorStandard.java:521) ~[sponge-mixin-0.12.5+mixin.0.8.5.jar:0.12.5+mixin.0.8.5]
	at org.spongepowered.asm.mixin.transformer.MixinApplicatorStandard.applyMixin(MixinApplicatorStandard.java:388) ~[sponge-mixin-0.12.5+mixin.0.8.5.jar:0.12.5+mixin.0.8.5]
	at org.spongepowered.asm.mixin.transformer.MixinApplicatorStandard.apply(MixinApplicatorStandard.java:327) ~[sponge-mixin-0.12.5+mixin.0.8.5.jar:0.12.5+mixin.0.8.5]
	at org.spongepowered.asm.mixin.transformer.TargetClassContext.apply(TargetClassContext.java:421) ~[sponge-mixin-0.12.5+mixin.0.8.5.jar:0.12.5+mixin.0.8.5]
	at org.spongepowered.asm.mixin.transformer.TargetClassContext.applyMixins(TargetClassContext.java:403) ~[sponge-mixin-0.12.5+mixin.0.8.5.jar:0.12.5+mixin.0.8.5]
	at org.spongepowered.asm.mixin.transformer.MixinProcessor.applyMixins(MixinProcessor.java:363) ~[sponge-mixin-0.12.5+mixin.0.8.5.jar:0.12.5+mixin.0.8.5]
	at org.spongepowered.asm.mixin.transformer.MixinTransformer.transformClass(MixinTransformer.java:234) ~[sponge-mixin-0.12.5+mixin.0.8.5.jar:0.12.5+mixin.0.8.5]
	at org.spongepowered.asm.mixin.transformer.MixinTransformer.transformClassBytes(MixinTransformer.java:202) ~[sponge-mixin-0.12.5+mixin.0.8.5.jar:0.12.5+mixin.0.8.5]
	at net.fabricmc.loader.impl.launch.knot.KnotClassDelegate.getPostMixinClassByteArray(KnotClassDelegate.java:422) ~[fabric-loader-0.14.22.jar:?]
	at net.fabricmc.loader.impl.launch.knot.KnotClassDelegate.tryLoadClass(KnotClassDelegate.java:323) ~[fabric-loader-0.14.22.jar:?]
	at net.fabricmc.loader.impl.launch.knot.KnotClassDelegate.loadClass(KnotClassDelegate.java:218) ~[fabric-loader-0.14.22.jar:?]
	at net.fabricmc.loader.impl.launch.knot.KnotClassLoader.loadClass(KnotClassLoader.java:112) ~[fabric-loader-0.14.22.jar:?]
	at java.lang.ClassLoader.loadClass(ClassLoader.java:520) ~[?:?]
	at net.minecraft.class_310.<init>(class_310.java:434) ~[client-intermediary.jar:?]
	at net.minecraft.client.main.Main.main(Main.java:211) ~[1.20.1-0.14.22.jar:?]
	at net.fabricmc.loader.impl.game.minecraft.MinecraftGameProvider.launch(MinecraftGameProvider.java:468) ~[fabric-loader-0.14.22.jar:?]
	at net.fabricmc.loader.impl.launch.knot.Knot.launch(Knot.java:74) ~[fabric-loader-0.14.22.jar:?]
	at net.fabricmc.loader.impl.launch.knot.KnotClient.main(KnotClient.java:23) ~[fabric-loader-0.14.22.jar:?]
Caused by: org.spongepowered.asm.mixin.throwables.ClassMetadataNotFoundException: net.minecraft.class_3288$class_5351
	at org.spongepowered.asm.mixin.transformer.MixinTargetContext.transformSingleDescriptor(MixinTargetContext.java:1001) ~[sponge-mixin-0.12.5+mixin.0.8.5.jar:0.12.5+mixin.0.8.5]
	at org.spongepowered.asm.mixin.transformer.MixinTargetContext.transformSingleDescriptor(MixinTargetContext.java:961) ~[sponge-mixin-0.12.5+mixin.0.8.5.jar:0.12.5+mixin.0.8.5]
	at org.spongepowered.asm.mixin.transformer.MixinTargetContext.transformLVT(MixinTargetContext.java:563) ~[sponge-mixin-0.12.5+mixin.0.8.5.jar:0.12.5+mixin.0.8.5]
	at org.spongepowered.asm.mixin.transformer.MixinTargetContext.transformMethod(MixinTargetContext.java:469) ~[sponge-mixin-0.12.5+mixin.0.8.5.jar:0.12.5+mixin.0.8.5]
	... 19 more
---- Minecraft Crash Report ----
// Hi. I'm Minecraft, and I'm a crashaholic.

Time: 2023-09-06 23:11:48
Description: Initializing game

java.lang.RuntimeException: Mixin transformation of net.minecraft.class_1066 failed
	at net.fabricmc.loader.impl.launch.knot.KnotClassDelegate.getPostMixinClassByteArray(KnotClassDelegate.java:427)
	at net.fabricmc.loader.impl.launch.knot.KnotClassDelegate.tryLoadClass(KnotClassDelegate.java:323)
	at net.fabricmc.loader.impl.launch.knot.KnotClassDelegate.loadClass(KnotClassDelegate.java:218)
	at net.fabricmc.loader.impl.launch.knot.KnotClassLoader.loadClass(KnotClassLoader.java:112)
	at java.base/java.lang.ClassLoader.loadClass(ClassLoader.java:520)
	at net.minecraft.class_310.<init>(class_310.java:434)
	at net.minecraft.client.main.Main.main(Main.java:211)
	at net.fabricmc.loader.impl.game.minecraft.MinecraftGameProvider.launch(MinecraftGameProvider.java:468)
	at net.fabricmc.loader.impl.launch.knot.Knot.launch(Knot.java:74)
	at net.fabricmc.loader.impl.launch.knot.KnotClient.main(KnotClient.java:23)
Caused by: org.spongepowered.asm.mixin.transformer.throwables.MixinTransformerError: An unexpected critical error was encountered
	at org.spongepowered.asm.mixin.transformer.MixinProcessor.applyMixins(MixinProcessor.java:392)
	at org.spongepowered.asm.mixin.transformer.MixinTransformer.transformClass(MixinTransformer.java:234)
	at org.spongepowered.asm.mixin.transformer.MixinTransformer.transformClassBytes(MixinTransformer.java:202)
	at net.fabricmc.loader.impl.launch.knot.KnotClassDelegate.getPostMixinClassByteArray(KnotClassDelegate.java:422)
	... 9 more
Caused by: org.spongepowered.asm.mixin.throwables.MixinApplyError: Mixin [paxi_fabric.mixins.json:client.MixinClientPackSourceFabric from mod paxi] from phase [DEFAULT] in config [paxi_fabric.mixins.json] FAILED during APPLY
	at org.spongepowered.asm.mixin.transformer.MixinProcessor.handleMixinError(MixinProcessor.java:638)
	at org.spongepowered.asm.mixin.transformer.MixinProcessor.handleMixinApplyError(MixinProcessor.java:589)
	at org.spongepowered.asm.mixin.transformer.MixinProcessor.applyMixins(MixinProcessor.java:379)
	... 12 more
Caused by: org.spongepowered.asm.mixin.transformer.throwables.InvalidMixinException: Unexpecteded ClassMetadataNotFoundException whilst transforming the mixin class: [MAIN Applicator Phase -> paxi_fabric.mixins.json:client.MixinClientPackSourceFabric from mod paxi -> Apply Methods -> (Ljava/util/function/Consumer;Lnet/minecraft/class_3288$class_5351;Lorg/spongepowered/asm/mixin/injection/callback/CallbackInfo;)V:handler$eie000$paxi$loadPaxiPabcksClientFabric -> Transform LVT -> var=factory -> desc=Lnet/minecraft/class_3288$class_5351;]
	at org.spongepowered.asm.mixin.transformer.MixinTargetContext.transformMethod(MixinTargetContext.java:510)
	at org.spongepowered.asm.mixin.transformer.MixinApplicatorStandard.applyNormalMethod(MixinApplicatorStandard.java:535)
	at org.spongepowered.asm.mixin.transformer.MixinApplicatorStandard.applyMethods(MixinApplicatorStandard.java:521)
	at org.spongepowered.asm.mixin.transformer.MixinApplicatorStandard.applyMixin(MixinApplicatorStandard.java:388)
	at org.spongepowered.asm.mixin.transformer.MixinApplicatorStandard.apply(MixinApplicatorStandard.java:327)
	at org.spongepowered.asm.mixin.transformer.TargetClassContext.apply(TargetClassContext.java:421)
	at org.spongepowered.asm.mixin.transformer.TargetClassContext.applyMixins(TargetClassContext.java:403)
	at org.spongepowered.asm.mixin.transformer.MixinProcessor.applyMixins(MixinProcessor.java:363)
	... 12 more
Caused by: org.spongepowered.asm.mixin.throwables.ClassMetadataNotFoundException: net.minecraft.class_3288$class_5351
	at org.spongepowered.asm.mixin.transformer.MixinTargetContext.transformSingleDescriptor(MixinTargetContext.java:1001)
	at org.spongepowered.asm.mixin.transformer.MixinTargetContext.transformSingleDescriptor(MixinTargetContext.java:961)
	at org.spongepowered.asm.mixin.transformer.MixinTargetContext.transformLVT(MixinTargetContext.java:563)
	at org.spongepowered.asm.mixin.transformer.MixinTargetContext.transformMethod(MixinTargetContext.java:469)
	... 19 more


A detailed walkthrough of the error, its code path and all known details is as follows:
---------------------------------------------------------------------------------------

-- Head --
Thread: Render thread
Stacktrace:
	at net.fabricmc.loader.impl.launch.knot.KnotClassDelegate.getPostMixinClassByteArray(KnotClassDelegate.java:427)
	at net.fabricmc.loader.impl.launch.knot.KnotClassDelegate.tryLoadClass(KnotClassDelegate.java:323)
	at net.fabricmc.loader.impl.launch.knot.KnotClassDelegate.loadClass(KnotClassDelegate.java:218)
	at net.fabricmc.loader.impl.launch.knot.KnotClassLoader.loadClass(KnotClassLoader.java:112)
	at java.base/java.lang.ClassLoader.loadClass(ClassLoader.java:520)
	at net.minecraft.class_310.<init>(class_310.java:434)

-- Initialization --
Details:
	Modules: 
		ADVAPI32.dll:API Windows 32 Base avanzato:10.0.22621.2275 (WinBuild.160101.0800):Microsoft Corporation
		COMCTL32.dll:Libreria di controlli per le azioni dell'utente:6.10 (WinBuild.160101.0800):Microsoft Corporation
		CRYPTBASE.dll:Base cryptographic API DLL:10.0.22621.1 (WinBuild.160101.0800):Microsoft Corporation
		CRYPTSP.dll:Cryptographic Service Provider API:10.0.22621.1 (WinBuild.160101.0800):Microsoft Corporation
		DBGHELP.DLL:Windows Image Helper:10.0.22621.1 (WinBuild.160101.0800):Microsoft Corporation
		DNSAPI.dll:DLL API client DNS:10.0.22621.2275 (WinBuild.160101.0800):Microsoft Corporation
		GDI32.dll:GDI Client DLL:10.0.22621.2215 (WinBuild.160101.0800):Microsoft Corporation
		IMM32.DLL:Multi-User Windows IMM32 API Client DLL:10.0.22621.1344 (WinBuild.160101.0800):Microsoft Corporation
		IPHLPAPI.DLL:API helper IP:10.0.22621.2275 (WinBuild.160101.0800):Microsoft Corporation
		KERNEL32.DLL:DLL client di Windows NT BASE API:10.0.22621.2275 (WinBuild.160101.0800):Microsoft Corporation
		KERNELBASE.dll:DLL client di Windows NT BASE API:10.0.22621.2275 (WinBuild.160101.0800):Microsoft Corporation
		MpOav.dll:IOfficeAntiVirus Module:4.18.23080.2006 (04d8e871ffe7ba6b2204046883e1ad9b7a5989ce):Microsoft Corporation
		NSI.dll:NSI User-mode interface DLL:10.0.22621.1 (WinBuild.160101.0800):Microsoft Corporation
		OLEAUT32.dll:OLEAUT32.DLL:10.0.22621.1992 (WinBuild.160101.0800):Microsoft Corporation
		Ole32.dll:Microsoft OLE per Windows:10.0.22621.2275 (WinBuild.160101.0800):Microsoft Corporation
		PSAPI.DLL:Process Status Helper:10.0.22621.1 (WinBuild.160101.0800):Microsoft Corporation
		Pdh.dll:DLL helper Dati di prestazione di Windows:10.0.22621.2275 (WinBuild.160101.0800):Microsoft Corporation
		RPCRT4.dll:Runtime RPC (Remote Procedure Call):10.0.22621.2275 (WinBuild.160101.0800):Microsoft Corporation
		SHCORE.dll:SHCORE:10.0.22621.2275 (WinBuild.160101.0800):Microsoft Corporation
		SHELL32.dll:DLL comune della shell di Windows:10.0.22621.2275 (WinBuild.160101.0800):Microsoft Corporation
		USER32.dll:Multi-User Windows USER API Client DLL:10.0.22621.2275 (WinBuild.160101.0800):Microsoft Corporation
		USERENV.dll:Userenv:10.0.22621.2275 (WinBuild.160101.0800):Microsoft Corporation
[LWJGL] [LWJGL] [LWJGL] [LWJGL] [LWJGL] [LWJGL] [LWJGL] [LWJGL] [LWJGL] [LWJGL] [LWJGL] 