[23:41:42] [Render thread/INFO] [JMLogger] JourneyMap log initialized.
[23:41:42] [Render thread/INFO] [JourneymapClient] initialize ENTER
[23:41:42] [Render thread/INFO] [ClientAPI] [ClientAPI] built with JourneyMap API 1.9-SNAPSHOT
[23:41:42] [Render thread/INFO] [PluginHelper] Initializing plugins with Client API: journeymap.client.api.impl.ClientAPI
[23:41:42] [Render thread/WARN] [PropertiesBase] core (Initialized) Bad configField entry during updateFrom(): optionsManagerViewed=null
[23:41:43] [Render thread/INFO] [ThemeLoader] Preloaded theme textures: 73
[23:41:43] [Render thread/INFO] [?] Version: JourneyMap 1.20.1-5.9.12, built with fabric 0.83.1+1.20.1
fabric: 0.14.21
Environment: os.name, os.arch, java.version, user.country, user.language=null, game language=it_it, locale=it_it
Features: 
	RadarPlayers : singleplayer = true , multiplayer = true
	RadarAnimals : singleplayer = true , multiplayer = true
	RadarMobs : singleplayer = true , multiplayer = true
	RadarVillagers : singleplayer = true , multiplayer = true
	MapTopo : singleplayer = true , multiplayer = true
	MapSurface : singleplayer = true , multiplayer = true
	MapCaves : singleplayer = true , multiplayer = true
	MapBiome : singleplayer = true , multiplayer = true
MiniMapProperties{state=Valid, file=journeymap.minimap.config, configVersion=5.9.12, zoomLevel=0, compassFontScale=1.0, terrainAlpha=100, showEntityNames=true, positionX=0.9, positionY=0.25, effectVertical=false, showPlayerHeading=true, sizePercent=30, playerDisplayScale=1.0, showDayNight=true, showPets=true, preferredMapType=day, showCompass=true, mobDisplay=jm.common.entity_display.dots, systemTimeRealFormat=HH:mm:ss, shape=jm.minimap.shape_circle, showSelf=true, selfDisplayScale=1.0, showGrid=true, reticleOrientation=jm.minimap.orientation.compass, gameTimeRealFormat=HH:mm:ss, effectTranslateX=-406, showWaypoints=true, minimapKeyMovementSpeed=0.001, showAnimals=true, infoSlotAlpha=0.7, effectTranslateY=0, showWaypointLabels=true, moveEffectIcons=true, position=jm.minimap.position_topright, fontScale=1.0, showPlayers=true, waypointIconScale=1.0, frameAlpha=100, effectReversed=false, backgroundAlpha=0.8, enabled=true, showVillagers=true, info2Label=jm.theme.labelsource.gametime, info3Label=jm.theme.labelsource.location, showMobs=true, waypointLabelScale=1.0, showReticle=true, orientation=jm.minimap.orientation.north, info4Label=jm.theme.labelsource.biome, locationFormat=xzyv, playerDisplay=jm.common.entity_display.dots, mobDisplayScale=1.0, showCaves=true, showMobHeading=true, locationFormatVerbose=true, info1Label=jm.theme.labelsource.blank}
MiniMapProperties{state=Valid, file=journeymap.minimap2.config, configVersion=5.9.12, zoomLevel=0, compassFontScale=1.0, terrainAlpha=100, showEntityNames=true, positionX=0.9, positionY=0.25, effectVertical=false, showPlayerHeading=true, sizePercent=30, playerDisplayScale=1.0, showDayNight=true, showPets=true, preferredMapType=day, showCompass=true, mobDisplay=jm.common.entity_display.dots, systemTimeRealFormat=HH:mm:ss, shape=jm.minimap.shape_rectangle, showSelf=true, selfDisplayScale=1.0, showGrid=true, reticleOrientation=jm.minimap.orientation.compass, gameTimeRealFormat=HH:mm:ss, effectTranslateX=0, showWaypoints=true, minimapKeyMovementSpeed=0.001, showAnimals=true, infoSlotAlpha=0.7, effectTranslateY=0, showWaypointLabels=true, moveEffectIcons=true, position=jm.minimap.position_topright, fontScale=1.0, showPlayers=true, waypointIconScale=1.0, frameAlpha=100, effectReversed=false, backgroundAlpha=0.8, enabled=true, showVillagers=true, info2Label=jm.theme.labelsource.gametime, info3Label=jm.theme.labelsource.location, showMobs=true, waypointLabelScale=1.0, showReticle=true, orientation=jm.minimap.orientation.north, info4Label=jm.theme.labelsource.biome, locationFormat=xzyv, playerDisplay=jm.common.entity_display.dots, mobDisplayScale=1.0, showCaves=true, showMobHeading=true, locationFormatVerbose=true, info1Label=jm.theme.labelsource.blank}
FullMapProperties{state=Valid, file=journeymap.fullmap.config, configVersion=5.9.12, zoomLevel=0, showPlayers=true, waypointIconScale=1.0, showEntityNames=true, showPlayerHeading=true, showVillagers=true, showPlayerLoc=true, showKeys=true, playerDisplayScale=1.0, showMobs=true, showPets=true, waypointLabelScale=1.0, preferredMapType=day, mobDisplay=jm.common.entity_display.dots, showSelf=true, locationFormat=xzyv, playerDisplay=jm.common.entity_display.dots, mobDisplayScale=1.0, selfDisplayScale=1.0, showGrid=true, showMouseLoc=true, showWaypoints=true, showCaves=true, showAnimals=true, dragScale=1, showMobHeading=true, showWaypointLabels=true, locationFormatVerbose=true, fontScale=1.0}
WaypointProperties{state=Valid, file=journeymap.waypoint.config, configVersion=5.9.12, autoRemoveDeathpointDistance=2, dateFormat=MM-dd-yyyy, autoRemoveDeathpoints=false, fullscreenDoubleClickToCreate=true, managerDimensionFocus=false, minDistance=4, boldLabel=false, textureSmall=true, showDeathpointlabel=true, beaconEnabled=true, createDeathpoints=true, showName=true, disableStrikeThrough=false, maxDistance=0, autoHideLabel=true, autoRemoveTempWaypoints=2, teleportCommand=/tp {name} {x} {y} {z}, showStaticBeam=true, shaderBeacon=false, timeFormat=HH:mm:ss, showDeviationLabel=false, showDistance=true, showRotatingBeam=true, fontScale=2.0, showTexture=true, managerEnabled=true}
WebMapProperties{state=Valid, file=journeymap.webmap.config, configVersion=5.9.12, port=8080, enabled=false}
CoreProperties{state=Valid, file=journeymap.core.config, configVersion=5.9.12, verboseColorPalette=false, maxPlayersData=32, mapSurfaceAboveCaves=true, dataCachingEnabled=true, optionsManagerViewed=null, announceMod=true, colorPassive=#bbbbbb, mapBlendWater=false, renderDistanceSurfaceMax=0, seedId=false, radarVerticalDistance=16, mapBlendGrass=true, recordCacheStats=false, hideSneakingEntities=true, revealShape=jm.minimap.shape_circle, mapBiome=true, alwaysMapSurface=false, colorVillager=#88e188, mapPlants=false, colorPet=#0077ff, radarLateralDistance=64, mapBathymetry=false, mapCrops=true, maxMobsData=32, mapPlantShadows=false, alwaysMapCaves=false, checkUpdates=true, mapBlendFoliage=true, hideSpectators=false, mappingEnabled=true, colorPlayer=#ffffff, tileHighDisplayQuality=true, cacheVillagersData=2200, logLevel=INFO, maxVillagersData=32, mapWaterBiomeColors=false, maxAnimalsData=32, mapTransparency=true, caveBlackAsClear=false, tileRenderType=1, caveIgnoreGlass=true, mapTopography=true, renderDistanceCaveMax=0, mapAntialiasing=true, colorSelf=#0000ff, cachePlayersData=2000, cacheMobsData=3000, cachePlayerData=1000, splashViewed=5.9.12, colorHostile=#ff0000, cacheAnimalsData=3100, themeName=OceanMonument, mapCaveLighting=true, renderDelay=2, glErrorChecking=false, autoMapPoll=2000}
[23:41:43] [Render thread/INFO] [JourneymapClient] initialize EXIT, elapsed count 1 avg 2099,9ms
[23:41:43] [Render thread/INFO] [JourneymapClient] postInitialize EXIT, elapsed count 1 avg 13,44ms
[23:41:48] [Render thread/INFO] [ColorManager] Loaded color palette for 903 blockstates in 795ms
[23:41:48] [Render thread/INFO] [ColorManager] Loaded color palette for 903 blockstates in 51ms
[23:41:48] [Render thread/INFO] [ColorManager] Loaded color palette for 903 blockstates in 38ms
[23:41:48] [Render thread/INFO] [ColorManager] Loaded color palette for 903 blockstates in 49ms
[23:41:48] [Render thread/INFO] [ColorManager] Loaded color palette for 903 blockstates in 46ms
[23:41:48] [Render thread/INFO] [ColorManager] Loaded color palette for 903 blockstates in 36ms
[23:41:48] [Render thread/INFO] [ColorManager] Loaded color palette for 903 blockstates in 33ms
[23:41:48] [Render thread/INFO] [ColorManager] Loaded color palette for 903 blockstates in 38ms
[23:41:48] [Render thread/INFO] [ColorManager] Loaded color palette for 903 blockstates in 37ms
[23:41:48] [Render thread/INFO] [ColorManager] Loaded color palette for 903 blockstates in 32ms
[23:41:48] [Render thread/INFO] [ColorManager] Loaded color palette for 903 blockstates in 34ms
[23:41:48] [Render thread/INFO] [ColorManager] Loaded color palette for 903 blockstates in 43ms
[23:41:48] [Render thread/INFO] [ColorManager] Loaded color palette for 903 blockstates in 34ms
[23:42:29] [Render thread/WARN] [PropertiesBase] core (Initialized) Bad configField entry during updateFrom(): optionsManagerViewed=null
[23:42:30] [Render thread/INFO] [WaypointStore] Loaded 1 waypoints from C:\Users\Lorenzo Giannini\AppData\Roaming\com.modrinth.theseus\profiles\Loweredgames-Modpack\journeymap\data\sp\Nuovo mondo\waypoints
[23:42:30] [Render thread/INFO] [JourneymapClient] Mapping started in C:\Users\Lorenzo Giannini\AppData\Roaming\com.modrinth.theseus\profiles\Loweredgames-Modpack\journeymap\data\sp\Nuovo mondo\overworld. Memory: 2048MB total, 652MB free 
[23:43:10] [Render thread/INFO] [ChatLog] JourneyMap: Press [J]
[23:43:24] [Render thread/INFO] [JourneymapClient] Mapping halted in C:\Users\Lorenzo Giannini\AppData\Roaming\com.modrinth.theseus\profiles\Loweredgames-Modpack\journeymap\data\sp\Nuovo mondo\minecraft:overworld
[23:43:25] [Render thread/WARN] [PropertiesBase] core (Initialized) Bad configField entry during updateFrom(): optionsManagerViewed=null
[23:43:25] [Render thread/INFO] [WaypointStore] Loaded 1 waypoints from C:\Users\Lorenzo Giannini\AppData\Roaming\com.modrinth.theseus\profiles\Loweredgames-Modpack\journeymap\data\sp\Nuovo mondo\waypoints
[23:43:25] [Render thread/INFO] [JourneymapClient] Mapping started in C:\Users\Lorenzo Giannini\AppData\Roaming\com.modrinth.theseus\profiles\Loweredgames-Modpack\journeymap\data\sp\Nuovo mondo\the_nether. Memory: 2048MB total, 622MB free 
[23:52:09] [Render thread/INFO] [JourneymapClient] Mapping halted in C:\Users\Lorenzo Giannini\AppData\Roaming\com.modrinth.theseus\profiles\Loweredgames-Modpack\journeymap\data\mp\offline\minecraft:the_nether
[23:52:09] [Render thread/WARN] [ColorPalette] Existing color palette's resource packs no longer match current loadout.
[23:52:09] [Render thread/INFO] [ColorPalette] WAS: Black Icons, Brixel 3.1 64x BSL.zip, Brixel Glowing Ores 64x BSL.zip, Classic Icons, Contrasto elevato, CreatorPack-1.20.0-V1.2.7.zip, Default-Dark-Mode-1.20-2023.7.0.zip, Fabric Mods, Faithful 32x - 1.20.1.zip, FreshAnimations_v1.8.1.zip, Grafica rétro, Icons v.1.9.zip, MS Painted for 1.20.1 (v2.14).zip, Predefinito, White Icons
NOW: Black Icons, Brixel 3.1 64x BSL.zip, Brixel Glowing Ores 64x BSL.zip, Classic Icons, Contrasto elevato, CreatorPack-1.20.0-V1.2.7.zip, Default-Dark-Mode-1.20-2023.7.0.zip, Fabric Mods, Faithful 32x - 1.20.1.zip, Faithful 64x - Beta 9.zip, FreshAnimations_v1.8.1.zip, Grafica rétro, Icons v.1.9.zip, MS Painted for 1.20.1 (v2.14).zip, Predefinito, White Icons, mullak99s-Faithful-32x-MC1.20-R1_ALPHA1.zip
[23:52:09] [JM-task-5/WARN] [TaskBatch] TaskBatch thread interrupted: journeymap.client.task.multi.MapPlayerTask$MapPlayerTaskBatch@635a3a16
[23:53:30] [Render thread/WARN] [PropertiesBase] core (Initialized) Bad configField entry during updateFrom(): optionsManagerViewed=null
[23:53:30] [Render thread/INFO] [WaypointStore] Loaded 0 waypoints from C:\Users\Lorenzo Giannini\AppData\Roaming\com.modrinth.theseus\profiles\Loweredgames-Modpack\journeymap\data\mp\Hypixel\waypoints
[23:53:30] [Render thread/INFO] [JourneymapClient] Mapping started in C:\Users\Lorenzo Giannini\AppData\Roaming\com.modrinth.theseus\profiles\Loweredgames-Modpack\journeymap\data\mp\Hypixel\overworld. Memory: 2048MB total, 889MB free 
[23:55:17] [Render thread/INFO] [JourneymapClient] Mapping halted in C:\Users\Lorenzo Giannini\AppData\Roaming\com.modrinth.theseus\profiles\Loweredgames-Modpack\journeymap\data\mp\Hypixel\minecraft:overworld
[23:55:17] [Render thread/WARN] [ColorPalette] Existing color palette's resource packs no longer match current loadout.
[23:55:17] [Render thread/INFO] [ColorPalette] WAS: Black Icons, Brixel 3.1 64x BSL.zip, Brixel Glowing Ores 64x BSL.zip, Classic Icons, Contrasto elevato, CreatorPack-1.20.0-V1.2.7.zip, Default-Dark-Mode-1.20-2023.7.0.zip, Fabric Mods, Faithful 32x - 1.20.1.zip, FreshAnimations_v1.8.1.zip, Grafica rétro, Icons v.1.9.zip, MS Painted for 1.20.1 (v2.14).zip, Predefinito, White Icons
NOW: Black Icons, Brixel 3.1 64x BSL.zip, Brixel Glowing Ores 64x BSL.zip, Classic Icons, Contrasto elevato, CreatorPack-1.20.0-V1.2.7.zip, Default-Dark-Mode-1.20-2023.7.0.zip, Fabric Mods, Faithful 32x - 1.20.1.zip, Faithful 64x - Beta 9.zip, FreshAnimations_v1.8.1.zip, Grafica rétro, Icons v.1.9.zip, MS Painted for 1.20.1 (v2.14).zip, Predefinito, White Icons, mullak99s-Faithful-32x-MC1.20-R1_ALPHA1.zip
[23:55:24] [Render thread/WARN] [PropertiesBase] core (Initialized) Bad configField entry during updateFrom(): optionsManagerViewed=null
[23:55:24] [Render thread/INFO] [WaypointStore] Loaded 0 waypoints from C:\Users\Lorenzo Giannini\AppData\Roaming\com.modrinth.theseus\profiles\Loweredgames-Modpack\journeymap\data\mp\Hypixel\waypoints
[23:55:24] [Render thread/INFO] [JourneymapClient] Mapping started in C:\Users\Lorenzo Giannini\AppData\Roaming\com.modrinth.theseus\profiles\Loweredgames-Modpack\journeymap\data\mp\Hypixel\overworld. Memory: 2048MB total, 396MB free 
[23:57:27] [Render thread/INFO] [JourneymapClient] Mapping halted in C:\Users\Lorenzo Giannini\AppData\Roaming\com.modrinth.theseus\profiles\Loweredgames-Modpack\journeymap\data\mp\Hypixel\minecraft:overworld
[23:57:27] [Render thread/WARN] [ColorPalette] Existing color palette's resource packs no longer match current loadout.
[23:57:27] [Render thread/INFO] [ColorPalette] WAS: Black Icons, Brixel 3.1 64x BSL.zip, Brixel Glowing Ores 64x BSL.zip, Classic Icons, Contrasto elevato, CreatorPack-1.20.0-V1.2.7.zip, Default-Dark-Mode-1.20-2023.7.0.zip, Fabric Mods, Faithful 32x - 1.20.1.zip, FreshAnimations_v1.8.1.zip, Grafica rétro, Icons v.1.9.zip, MS Painted for 1.20.1 (v2.14).zip, Predefinito, White Icons
NOW: Black Icons, Brixel 3.1 64x BSL.zip, Brixel Glowing Ores 64x BSL.zip, Classic Icons, Contrasto elevato, CreatorPack-1.20.0-V1.2.7.zip, Default-Dark-Mode-1.20-2023.7.0.zip, Fabric Mods, Faithful 32x - 1.20.1.zip, Faithful 64x - Beta 9.zip, FreshAnimations_v1.8.1.zip, Grafica rétro, Icons v.1.9.zip, MS Painted for 1.20.1 (v2.14).zip, Predefinito, White Icons, mullak99s-Faithful-32x-MC1.20-R1_ALPHA1.zip
